INFO:root:	SPR	symbols downloaded successfully
INFO:root:	CSAL	missing history
INFO:root:	CDK	missing history
INFO:root:	ANTM	downloaded successfully
INFO:root:	AEC	downloaded successfully
INFO:root:	ACT	downloaded successfully
INFO:root:	DG	downloaded successfully
INFO:root:	CECO	downloaded successfully
INFO:root:	CMO	downloaded successfully
INFO:root:	CINF	downloaded successfully
INFO:root:	BKS	downloaded successfully
INFO:root:	BAC	downloaded successfully
INFO:root:	AMD	downloaded successfully
INFO:root:	ABM	downloaded successfully
INFO:root:	ARE	downloaded successfully
INFO:root:	ADI	downloaded successfully
INFO:root:	AOL	downloaded successfully
INFO:root:	CLH	downloaded successfully
INFO:root:	CVBF	downloaded successfully
INFO:root:	BH	downloaded successfully
INFO:root:	AAON	downloaded successfully
INFO:root:	AVP	downloaded successfully
INFO:root:	BWLD	downloaded successfully
INFO:root:	CBU	downloaded successfully
INFO:root:	BELFB	downloaded successfully
INFO:root:	ASGN	downloaded successfully
INFO:root:	BCEI	downloaded successfully
INFO:root:	AIZ	downloaded successfully
INFO:root:	CRM	downloaded successfully
INFO:root:	AFG	downloaded successfully
INFO:root:	CL	downloaded successfully
INFO:root:	AKR	downloaded successfully
INFO:root:	BBBY	downloaded successfully
INFO:root:	ATR	downloaded successfully
INFO:root:	CVLT	downloaded successfully
INFO:root:	CREE	downloaded successfully
INFO:root:	AVAV	downloaded successfully
INFO:root:	CALM	downloaded successfully
INFO:root:	BK	downloaded successfully
INFO:root:	AET	downloaded successfully
INFO:root:	BRKL	downloaded successfully
INFO:root:	DEL	downloaded successfully
INFO:root:	DDD	downloaded successfully
INFO:root:	BBT	downloaded successfully
INFO:root:	ATI	downloaded successfully
INFO:root:	DHR	downloaded successfully
INFO:root:	CNC	downloaded successfully
INFO:root:	AAWW	downloaded successfully
INFO:root:	CFR	downloaded successfully
INFO:root:	AMSG	downloaded successfully
INFO:root:	A	downloaded successfully
INFO:root:	CELG	downloaded successfully
INFO:root:	BR	downloaded successfully
INFO:root:	CENTA	missing history
INFO:root:	AEL	downloaded successfully
INFO:root:	CAG	downloaded successfully
INFO:root:	CNO	downloaded successfully
INFO:root:	ACC	downloaded successfully
INFO:root:	ADSK	downloaded successfully
INFO:root:	CHD	downloaded successfully
INFO:root:	AREX	downloaded successfully
INFO:root:	CIR	downloaded successfully
INFO:root:	CPB	downloaded successfully
INFO:root:	BMI	downloaded successfully
INFO:root:	AHL	downloaded successfully
INFO:root:	CME	downloaded successfully
INFO:root:	BANR	downloaded successfully
INFO:root:	CCL	downloaded successfully
INFO:root:	DGII	downloaded successfully
INFO:root:	CTAS	downloaded successfully
INFO:root:	CSH	downloaded successfully
INFO:root:	BXP	downloaded successfully
INFO:root:	ARRS	downloaded successfully
INFO:root:	CBK	downloaded successfully
INFO:root:	BOBE	downloaded successfully
INFO:root:	C	downloaded successfully
INFO:root:	AIR	downloaded successfully
INFO:root:	CERN	downloaded successfully
INFO:root:	CPSI	downloaded successfully
INFO:root:	APH	downloaded successfully
INFO:root:	COO	downloaded successfully
INFO:root:	AN	downloaded successfully
INFO:root:	AZZ	downloaded successfully
INFO:root:	DIS	downloaded successfully
INFO:root:	BGC	downloaded successfully
INFO:root:	CRI	downloaded successfully
INFO:root:	CYN	downloaded successfully
INFO:root:	DHX	downloaded successfully
INFO:root:	AVT	downloaded successfully
INFO:root:	ADT	downloaded successfully
INFO:root:	COHR	downloaded successfully
INFO:root:	BRKS	downloaded successfully
INFO:root:	CLX	downloaded successfully
INFO:root:	CRUS	downloaded successfully
INFO:root:	AXE	downloaded successfully
INFO:root:	APA	downloaded successfully
INFO:root:	ACIW	downloaded successfully
INFO:root:	AON	downloaded successfully
INFO:root:	AMT	downloaded successfully
INFO:root:	CSC	downloaded successfully
INFO:root:	CROX	downloaded successfully
INFO:root:	CMP	downloaded successfully
INFO:root:	ALK	downloaded successfully
INFO:root:	ATU	downloaded successfully
INFO:root:	BRC	downloaded successfully
INFO:root:	ANIK	downloaded successfully
INFO:root:	BCR	downloaded successfully
INFO:root:	BBCN	downloaded successfully
INFO:root:	AFL	downloaded successfully
INFO:root:	ALE	downloaded successfully
INFO:root:	ALTR	downloaded successfully
INFO:root:	BOFI	downloaded successfully
INFO:root:	CNX	downloaded successfully
INFO:root:	BMR	downloaded successfully
INFO:root:	CPT	downloaded successfully
INFO:root:	BRS	downloaded successfully
INFO:root:	AME	downloaded successfully
INFO:root:	CTSH	downloaded successfully
INFO:root:	AEO	downloaded successfully
INFO:root:	DE	downloaded successfully
INFO:root:	ABAX	downloaded successfully
INFO:root:	AEE	downloaded successfully
INFO:root:	CHS	downloaded successfully
INFO:root:	ANIP	downloaded successfully
INFO:root:	BAS	downloaded successfully
INFO:root:	CNK	downloaded successfully
INFO:root:	CAM	downloaded successfully
INFO:root:	CMG	downloaded successfully
INFO:root:	ATML	downloaded successfully
INFO:root:	CVS	downloaded successfully
INFO:root:	CASY	downloaded successfully
INFO:root:	ADM	downloaded successfully
INFO:root:	CHE	downloaded successfully
INFO:root:	AAP	downloaded successfully
INFO:root:	AKRX	downloaded successfully
INFO:root:	CDNS	downloaded successfully
INFO:root:	AJG	downloaded successfully
INFO:root:	BLK	downloaded successfully
INFO:root:	CYNO	downloaded successfully
INFO:root:	CXW	downloaded successfully
INFO:root:	CKH	downloaded successfully
INFO:root:	CLI	downloaded successfully
INFO:root:	APOG	downloaded successfully
INFO:root:	ACXM	downloaded successfully
INFO:root:	DBD	downloaded successfully
INFO:root:	BCO	downloaded successfully
INFO:root:	CCMP	downloaded successfully
INFO:root:	BXS	downloaded successfully
INFO:root:	CENX	downloaded successfully
INFO:root:	AJRD	missing history
INFO:root:	ABMD	downloaded successfully
INFO:root:	DEPO	downloaded successfully
INFO:root:	CGI	downloaded successfully
INFO:root:	CBM	downloaded successfully
INFO:root:	ARG	downloaded successfully
INFO:root:	CTL	downloaded successfully
INFO:root:	CLC	downloaded successfully
INFO:root:	AVB	downloaded successfully
INFO:root:	BIG	downloaded successfully
INFO:root:	CCC	downloaded successfully
INFO:root:	ARW	downloaded successfully
INFO:root:	CA	downloaded successfully
INFO:root:	CBRL	downloaded successfully
INFO:root:	AVY	downloaded successfully
INFO:root:	BKE	downloaded successfully
INFO:root:	ASB	missing history
INFO:root:	ABBV	downloaded successfully
INFO:root:	CAH	downloaded successfully
INFO:root:	ANDE	downloaded successfully
INFO:root:	ACM	downloaded successfully
INFO:root:	CEVA	downloaded successfully
INFO:root:	CTRE	missing history
INFO:root:	ALGN	downloaded successfully
INFO:root:	AF	downloaded successfully
INFO:root:	AA	downloaded successfully
INFO:root:	CMS	downloaded successfully
INFO:root:	BRLI	downloaded successfully
INFO:root:	AHS	downloaded successfully
INFO:root:	AMWD	downloaded successfully
INFO:root:	DLPH	downloaded successfully
INFO:root:	CPF	downloaded successfully
INFO:root:	DIN	downloaded successfully
INFO:root:	AIRM	downloaded successfully
INFO:root:	BBY	downloaded successfully
INFO:root:	CSL	downloaded successfully
INFO:root:	B	downloaded successfully
INFO:root:	CATY	downloaded successfully
INFO:root:	COP	downloaded successfully
INFO:root:	CRR	downloaded successfully
INFO:root:	DAKT	downloaded successfully
INFO:root:	CHSP	downloaded successfully
INFO:root:	BAX	downloaded successfully
INFO:root:	CVC	downloaded successfully
INFO:root:	AMED	downloaded successfully
INFO:root:	AAL	downloaded successfully
INFO:root:	CAMP	downloaded successfully
INFO:root:	CST	downloaded successfully
INFO:root:	BSX	downloaded successfully
INFO:root:	ANN	downloaded successfully
INFO:root:	CDR	downloaded successfully
INFO:root:	CMA	downloaded successfully
INFO:root:	CSCO	downloaded successfully
INFO:root:	ARO	downloaded successfully
INFO:root:	APC	downloaded successfully
INFO:root:	AEGN	downloaded successfully
INFO:root:	BMS	downloaded successfully
INFO:root:	CBS	downloaded successfully
INFO:root:	CTXS	downloaded successfully
INFO:root:	BBG	downloaded successfully
INFO:root:	CLD	downloaded successfully
INFO:root:	ACE	downloaded successfully
INFO:root:	BGFV	downloaded successfully
INFO:root:	CR	downloaded successfully
INFO:root:	DISCA	downloaded successfully
INFO:root:	AKS	downloaded successfully
INFO:root:	COHU	downloaded successfully
INFO:root:	CBOE	downloaded successfully
INFO:root:	CPLA	downloaded successfully
INFO:root:	AMGN	downloaded successfully
INFO:root:	BOH	downloaded successfully
INFO:root:	CRC	missing history
INFO:root:	DISCK	missing history
INFO:root:	CCRN	downloaded successfully
INFO:root:	BDC	downloaded successfully
INFO:root:	ADTN	downloaded successfully
INFO:root:	ATNI	downloaded successfully
INFO:root:	CMI	downloaded successfully
INFO:root:	BHE	downloaded successfully
INFO:root:	CF	downloaded successfully
INFO:root:	CRK	downloaded successfully
INFO:root:	CNL	downloaded successfully
INFO:root:	BEN	downloaded successfully
INFO:root:	CHK	downloaded successfully
INFO:root:	DF	downloaded successfully
INFO:root:	CRVL	downloaded successfully
INFO:root:	AEP	downloaded successfully
INFO:root:	ALL	downloaded successfully
INFO:root:	ALXN	downloaded successfully
INFO:root:	BRCM	downloaded successfully
INFO:root:	DAL	downloaded successfully
INFO:root:	BF.B	missing history
INFO:root:	AIG	downloaded successfully
INFO:root:	AWR	downloaded successfully
INFO:root:	BRK.B	missing history
INFO:root:	CYT	downloaded successfully
INFO:root:	BKH	downloaded successfully
INFO:root:	CKP	downloaded successfully
INFO:root:	BIIB	downloaded successfully
INFO:root:	CAT	downloaded successfully
INFO:root:	COR	downloaded successfully
INFO:root:	CY	downloaded successfully
INFO:root:	DIOD	downloaded successfully
INFO:root:	CLMS	downloaded successfully
INFO:root:	ASH	downloaded successfully
INFO:root:	DCI	downloaded successfully
INFO:root:	AXP	downloaded successfully
INFO:root:	CGNX	downloaded successfully
INFO:root:	ATW	downloaded successfully
INFO:root:	ALLE	downloaded successfully
INFO:root:	CAB	downloaded successfully
INFO:root:	ADBE	downloaded successfully
INFO:root:	AFAM	downloaded successfully
INFO:root:	DFS	downloaded successfully
INFO:root:	AAPL	downloaded successfully
INFO:root:	BRO	downloaded successfully
INFO:root:	ANSS	downloaded successfully
INFO:root:	CVX	downloaded successfully
INFO:root:	CRY	downloaded successfully
INFO:root:	CNP	downloaded successfully
INFO:root:	CFNL	downloaded successfully
INFO:root:	ANF	downloaded successfully
INFO:root:	ADP	downloaded successfully
INFO:root:	BTU	downloaded successfully
INFO:root:	ALGT	downloaded successfully
INFO:root:	DRH	downloaded successfully
INFO:root:	CAS	downloaded successfully
INFO:root:	ASEI	downloaded successfully
INFO:root:	BLKB	downloaded successfully
INFO:root:	CI	downloaded successfully
INFO:root:	CAKE	downloaded successfully
INFO:root:	AMZN	downloaded successfully
INFO:root:	DGX	downloaded successfully
INFO:root:	CAL	missing history
INFO:root:	DPS	downloaded successfully
INFO:root:	ACET	downloaded successfully
INFO:root:	AOS	downloaded successfully
INFO:root:	COL	downloaded successfully
INFO:root:	ENVA	missing history
INFO:root:	ABC	downloaded successfully
INFO:root:	APOL	downloaded successfully
INFO:root:	DNB	downloaded successfully
INFO:root:	COF	downloaded successfully
INFO:root:	AVD	downloaded successfully
INFO:root:	BIO	downloaded successfully
INFO:root:	CEB	downloaded successfully
INFO:root:	BFS	downloaded successfully
INFO:root:	BC	downloaded successfully
INFO:root:	CLW	downloaded successfully
INFO:root:	CATM	downloaded successfully
INFO:root:	BMY	downloaded successfully
INFO:root:	DKS	downloaded successfully
INFO:root:	BA	downloaded successfully
INFO:root:	AKAM	downloaded successfully
INFO:root:	AMP	downloaded successfully
INFO:root:	APD	downloaded successfully
INFO:root:	ADC	downloaded successfully
INFO:root:	AAN	downloaded successfully
INFO:root:	ATO	downloaded successfully
INFO:root:	CRS	downloaded successfully
INFO:root:	CUB	downloaded successfully
INFO:root:	BCOR	downloaded successfully
INFO:root:	EBS	downloaded successfully
INFO:root:	DO	downloaded successfully
INFO:root:	ARCB	downloaded successfully
INFO:root:	CBR	downloaded successfully
INFO:root:	BGG	downloaded successfully
INFO:root:	BKMU	downloaded successfully
INFO:root:	CB	downloaded successfully
INFO:root:	AAT	downloaded successfully
INFO:root:	BBOX	downloaded successfully
INFO:root:	AES	downloaded successfully
INFO:root:	DAN	downloaded successfully
INFO:root:	CSX	downloaded successfully
INFO:root:	AEIS	downloaded successfully
INFO:root:	ACN	downloaded successfully
INFO:root:	CNMD	downloaded successfully
INFO:root:	CVG	downloaded successfully
INFO:root:	CRL	downloaded successfully
INFO:root:	CMN	downloaded successfully
INFO:root:	DECK	downloaded successfully
INFO:root:	EQY	downloaded successfully
INFO:root:	ABT	downloaded successfully
INFO:root:	ALB	downloaded successfully
INFO:root:	CMTL	downloaded successfully
INFO:root:	CCE	downloaded successfully
INFO:root:	ESS	downloaded successfully
INFO:root:	DLTR	downloaded successfully
INFO:root:	CBSH	downloaded successfully
INFO:root:	CTS	downloaded successfully
INFO:root:	DST	downloaded successfully
INFO:root:	CPRT	downloaded successfully
INFO:root:	CMC	downloaded successfully
INFO:root:	AGCO	downloaded successfully
INFO:root:	ADVS	downloaded successfully
INFO:root:	ECHO	downloaded successfully
INFO:root:	CYBX	downloaded successfully
INFO:root:	ANGO	downloaded successfully
INFO:root:	EIG	downloaded successfully
INFO:root:	AMG	downloaded successfully
INFO:root:	EZPW	downloaded successfully
INFO:root:	BYD	downloaded successfully
INFO:root:	DNKN	downloaded successfully
INFO:root:	AVA	downloaded successfully
INFO:root:	ERA	downloaded successfully
INFO:root:	DPZ	downloaded successfully
INFO:root:	APEI	downloaded successfully
INFO:root:	DNOW	missing history
INFO:root:	COST	downloaded successfully
INFO:root:	DW	downloaded successfully
INFO:root:	BCPC	downloaded successfully
INFO:root:	COLB	downloaded successfully
INFO:root:	CHCO	downloaded successfully
INFO:root:	EA	downloaded successfully
INFO:root:	EMC	downloaded successfully
INFO:root:	CNSL	downloaded successfully
INFO:root:	EPR	downloaded successfully
INFO:root:	BPFH	downloaded successfully
INFO:root:	BDX	downloaded successfully
INFO:root:	ASNA	downloaded successfully
INFO:root:	GDOT	downloaded successfully
INFO:root:	D	downloaded successfully
INFO:root:	BWA	downloaded successfully
INFO:root:	CSGS	downloaded successfully
INFO:root:	GEOS	downloaded successfully
INFO:root:	EFII	downloaded successfully
INFO:root:	AIN	downloaded successfully
INFO:root:	DCOM	downloaded successfully
INFO:root:	ES	missing history
INFO:root:	CUZ	downloaded successfully
INFO:root:	EGN	downloaded successfully
INFO:root:	ACOR	downloaded successfully
INFO:root:	CRZO	downloaded successfully
INFO:root:	CHRW	downloaded successfully
INFO:root:	ACI	downloaded successfully
INFO:root:	DEI	downloaded successfully
INFO:root:	AVGO	downloaded successfully
INFO:root:	ETN	downloaded successfully
INFO:root:	CLGX	downloaded successfully
INFO:root:	CDI	downloaded successfully
INFO:root:	ADS	downloaded successfully
INFO:root:	AYI	downloaded successfully
INFO:root:	CATO	downloaded successfully
INFO:root:	GBCI	downloaded successfully
INFO:root:	CBB	downloaded successfully
INFO:root:	FAST	downloaded successfully
INFO:root:	ECPG	downloaded successfully
INFO:root:	ENDP	downloaded successfully
INFO:root:	FCF	downloaded successfully
INFO:root:	DORM	downloaded successfully
INFO:root:	CBT	downloaded successfully
INFO:root:	CVGW	downloaded successfully
INFO:root:	BJRI	downloaded successfully
INFO:root:	BGS	downloaded successfully
INFO:root:	AFFX	downloaded successfully
INFO:root:	ACAT	downloaded successfully
INFO:root:	FISV	downloaded successfully
INFO:root:	CIEN	downloaded successfully
INFO:root:	ESIO	downloaded successfully
INFO:root:	EXPD	downloaded successfully
INFO:root:	BLL	downloaded successfully
INFO:root:	FFBC	downloaded successfully
INFO:root:	FTNT	downloaded successfully
INFO:root:	DHI	downloaded successfully
INFO:root:	BABY	downloaded successfully
INFO:root:	EXC	downloaded successfully
INFO:root:	GGP	downloaded successfully
INFO:root:	FWRD	downloaded successfully
INFO:root:	DWA	downloaded successfully
INFO:root:	DNR	downloaded successfully
INFO:root:	GOV	downloaded successfully
INFO:root:	DUK	downloaded successfully
INFO:root:	CACI	downloaded successfully
INFO:root:	AMRI	downloaded successfully
INFO:root:	AMAT	downloaded successfully
INFO:root:	AGYS	downloaded successfully
INFO:root:	HSNI	downloaded successfully
INFO:root:	FB	downloaded successfully
INFO:root:	GPOR	downloaded successfully
INFO:root:	INN	downloaded successfully
INFO:root:	GIII	downloaded successfully
INFO:root:	HWKN	downloaded successfully
INFO:root:	AIT	downloaded successfully
INFO:root:	FRED	downloaded successfully
INFO:root:	IRC	downloaded successfully
INFO:root:	HOMB	downloaded successfully
INFO:root:	HYH	missing history
INFO:root:	FSS	downloaded successfully
INFO:root:	FNB	downloaded successfully
INFO:root:	GHC	downloaded successfully
INFO:root:	AMCX	downloaded successfully
INFO:root:	ALOG	downloaded successfully
INFO:root:	FCX	downloaded successfully
INFO:root:	CNW	downloaded successfully
INFO:root:	FORR	downloaded successfully
INFO:root:	EOG	downloaded successfully
INFO:root:	HGR	downloaded successfully
INFO:root:	CCI	downloaded successfully
INFO:root:	HA	downloaded successfully
INFO:root:	CBG	downloaded successfully
INFO:root:	FXCM	downloaded successfully
INFO:root:	IPI	downloaded successfully
INFO:root:	JW.A	missing history
INFO:root:	DXPE	downloaded successfully
INFO:root:	FTD	downloaded successfully
INFO:root:	HBAN	downloaded successfully
INFO:root:	HELE	downloaded successfully
INFO:root:	COG	downloaded successfully
INFO:root:	EW	downloaded successfully
INFO:root:	FBHS	downloaded successfully
INFO:root:	GNTX	downloaded successfully
INFO:root:	AMSF	downloaded successfully
INFO:root:	ASTE	downloaded successfully
INFO:root:	EXPE	downloaded successfully
INFO:root:	CMCSA	downloaded successfully
INFO:root:	IRDM	downloaded successfully
INFO:root:	FRT	downloaded successfully
INFO:root:	IBKR	downloaded successfully
INFO:root:	FICO	downloaded successfully
INFO:root:	GE	downloaded successfully
INFO:root:	HP	downloaded successfully
INFO:root:	HNI	downloaded successfully
INFO:root:	DRC	downloaded successfully
INFO:root:	GLF	downloaded successfully
INFO:root:	ICON	downloaded successfully
INFO:root:	F	downloaded successfully
INFO:root:	EME	downloaded successfully
INFO:root:	GPRE	downloaded successfully
INFO:root:	CW	downloaded successfully
INFO:root:	ESV	downloaded successfully
INFO:root:	IGTE	downloaded successfully
INFO:root:	CYH	downloaded successfully
INFO:root:	DRI	downloaded successfully
INFO:root:	HAL	downloaded successfully
INFO:root:	IPCM	downloaded successfully
INFO:root:	FMBI	downloaded successfully
INFO:root:	IPXL	downloaded successfully
INFO:root:	ESL	downloaded successfully
INFO:root:	ESND	missing history
INFO:root:	GPC	downloaded successfully
INFO:root:	IO	downloaded successfully
INFO:root:	BHI	downloaded successfully
INFO:root:	DLX	downloaded successfully
INFO:root:	FAF	downloaded successfully
INFO:root:	DTE	downloaded successfully
INFO:root:	AIV	downloaded successfully
INFO:root:	FFIN	downloaded successfully
INFO:root:	ENR	downloaded successfully
INFO:root:	HAE	downloaded successfully
INFO:root:	FE	downloaded successfully
INFO:root:	HCP	downloaded successfully
INFO:root:	HHS	downloaded successfully
INFO:root:	GMCR	downloaded successfully
INFO:root:	EXPO	downloaded successfully
INFO:root:	HLX	downloaded successfully
INFO:root:	HR	downloaded successfully
INFO:root:	FTR	downloaded successfully
INFO:root:	HON	downloaded successfully
INFO:root:	JBL	downloaded successfully
INFO:root:	EGOV	downloaded successfully
INFO:root:	GES	downloaded successfully
INFO:root:	HSP	downloaded successfully
INFO:root:	FSLR	downloaded successfully
INFO:root:	ISIL	downloaded successfully
INFO:root:	EXH	downloaded successfully
INFO:root:	HUM	downloaded successfully
INFO:root:	FNFG	downloaded successfully
INFO:root:	HRS	downloaded successfully
INFO:root:	GCI	downloaded successfully
INFO:root:	GS	downloaded successfully
INFO:root:	EAT	downloaded successfully
INFO:root:	IILG	downloaded successfully
INFO:root:	ED	downloaded successfully
INFO:root:	KFY	downloaded successfully
INFO:root:	HCBK	downloaded successfully
INFO:root:	GVA	downloaded successfully
INFO:root:	HAR	downloaded successfully
INFO:root:	DD	downloaded successfully
INFO:root:	ESE	downloaded successfully
INFO:root:	INT	downloaded successfully
INFO:root:	GNW	downloaded successfully
INFO:root:	INDB	downloaded successfully
INFO:root:	KLIC	downloaded successfully
INFO:root:	IDTI	downloaded successfully
INFO:root:	HSY	downloaded successfully
INFO:root:	EXR	downloaded successfully
INFO:root:	ESRX	downloaded successfully
INFO:root:	EPAY	downloaded successfully
INFO:root:	FMC	downloaded successfully
INFO:root:	IRM	downloaded successfully
INFO:root:	KND	downloaded successfully
INFO:root:	GHL	downloaded successfully
INFO:root:	ETR	downloaded successfully
INFO:root:	FNGN	downloaded successfully
INFO:root:	HZO	downloaded successfully
INFO:root:	GOOGL	downloaded successfully
INFO:root:	AZO	downloaded successfully
INFO:root:	ENS	downloaded successfully
INFO:root:	IBM	downloaded successfully
INFO:root:	HAFC	downloaded successfully
INFO:root:	GAS	downloaded successfully
INFO:root:	DY	downloaded successfully
INFO:root:	HBHC	downloaded successfully
INFO:root:	GLT	downloaded successfully
INFO:root:	FOSL	downloaded successfully
INFO:root:	KLXI	downloaded successfully
INFO:root:	IR	downloaded successfully
INFO:root:	HNT	downloaded successfully
INFO:root:	ITRI	downloaded successfully
INFO:root:	HME	downloaded successfully
INFO:root:	GCO	downloaded successfully
INFO:root:	FTI	downloaded successfully
INFO:root:	FLIR	downloaded successfully
INFO:root:	GPS	downloaded successfully
INFO:root:	KIM	downloaded successfully
INFO:root:	EQIX	downloaded successfully
INFO:root:	GSM	downloaded successfully
INFO:root:	ICUI	downloaded successfully
INFO:root:	HIG	downloaded successfully
INFO:root:	EGP	downloaded successfully
INFO:root:	BEAV	downloaded successfully
INFO:root:	GEF	downloaded successfully
INFO:root:	KAMN	downloaded successfully
INFO:root:	ETFC	downloaded successfully
INFO:root:	GPI	downloaded successfully
INFO:root:	DMND	downloaded successfully
INFO:root:	IVZ	downloaded successfully
INFO:root:	FSP	downloaded successfully
INFO:root:	EWBC	downloaded successfully
INFO:root:	DAR	downloaded successfully
INFO:root:	FEIC	downloaded successfully
INFO:root:	EFX	downloaded successfully
INFO:root:	JCOM	downloaded successfully
INFO:root:	KRC	downloaded successfully
INFO:root:	COH	downloaded successfully
INFO:root:	HST	downloaded successfully
INFO:root:	FOXA	downloaded successfully
INFO:root:	HOS	downloaded successfully
INFO:root:	DV	downloaded successfully
INFO:root:	EDR	downloaded successfully
INFO:root:	GILD	downloaded successfully
INFO:root:	BID	downloaded successfully
INFO:root:	KMPR	downloaded successfully
INFO:root:	FCFS	downloaded successfully
INFO:root:	HES	downloaded successfully
INFO:root:	EXLS	downloaded successfully
INFO:root:	DTSI	downloaded successfully
INFO:root:	FITB	downloaded successfully
INFO:root:	KNX	downloaded successfully
INFO:root:	IRBT	downloaded successfully
INFO:root:	HI	downloaded successfully
INFO:root:	KRFT	downloaded successfully
INFO:root:	KATE	downloaded successfully
INFO:root:	JJSF	downloaded successfully
INFO:root:	KELYA	downloaded successfully
INFO:root:	ECL	downloaded successfully
INFO:root:	LPT	downloaded successfully
INFO:root:	HII	downloaded successfully
INFO:root:	DOV	downloaded successfully
INFO:root:	KOPN	downloaded successfully
INFO:root:	HCSG	downloaded successfully
INFO:root:	HCC	downloaded successfully
INFO:root:	GWR	downloaded successfully
INFO:root:	IIVI	downloaded successfully
INFO:root:	EIX	downloaded successfully
INFO:root:	JWN	downloaded successfully
INFO:root:	FUL	downloaded successfully
INFO:root:	FRAN	downloaded successfully
INFO:root:	EQR	downloaded successfully
INFO:root:	IART	downloaded successfully
INFO:root:	EXAM	downloaded successfully
INFO:root:	ENSG	downloaded successfully
INFO:root:	EHTH	downloaded successfully
INFO:root:	KIRK	downloaded successfully
INFO:root:	GME	downloaded successfully
INFO:root:	HPQ	downloaded successfully
INFO:root:	DRQ	downloaded successfully
INFO:root:	ISRG	downloaded successfully
INFO:root:	HCI	downloaded successfully
INFO:root:	KSS	downloaded successfully
INFO:root:	JBLU	downloaded successfully
INFO:root:	IPG	downloaded successfully
INFO:root:	JNPR	downloaded successfully
INFO:root:	HAIN	downloaded successfully
INFO:root:	EBAY	downloaded successfully
INFO:root:	HSC	downloaded successfully
INFO:root:	KORS	downloaded successfully
INFO:root:	HIW	downloaded successfully
INFO:root:	HAS	downloaded successfully
INFO:root:	LECO	downloaded successfully
INFO:root:	INTC	downloaded successfully
INFO:root:	FARO	downloaded successfully
INFO:root:	LCI	downloaded successfully
INFO:root:	DTV	downloaded successfully
INFO:root:	HVT	downloaded successfully
INFO:root:	INFA	downloaded successfully
INFO:root:	LOGM	downloaded successfully
INFO:root:	KRG	downloaded successfully
INFO:root:	LHO	downloaded successfully
INFO:root:	IP	downloaded successfully
INFO:root:	FCN	downloaded successfully
INFO:root:	GB	downloaded successfully
INFO:root:	FDO	downloaded successfully
INFO:root:	HRB	downloaded successfully
INFO:root:	FII	downloaded successfully
INFO:root:	FOR	downloaded successfully
INFO:root:	DRE	downloaded successfully
INFO:root:	HMN	downloaded successfully
INFO:root:	FELE	downloaded successfully
INFO:root:	EE	downloaded successfully
INFO:root:	EGHT	downloaded successfully
INFO:root:	GD	downloaded successfully
INFO:root:	FFIV	downloaded successfully
INFO:root:	IDA	downloaded successfully
INFO:root:	MAC	downloaded successfully
INFO:root:	GIFI	downloaded successfully
INFO:root:	GFF	downloaded successfully
INFO:root:	LAD	downloaded successfully
INFO:root:	ETH	downloaded successfully
INFO:root:	HSTM	downloaded successfully
INFO:root:	ISCA	downloaded successfully
INFO:root:	GRMN	downloaded successfully
INFO:root:	FLO	downloaded successfully
INFO:root:	HBI	downloaded successfully
INFO:root:	IDXX	downloaded successfully
INFO:root:	LLL	downloaded successfully
INFO:root:	GEO	downloaded successfully
INFO:root:	FBP	downloaded successfully
INFO:root:	HOG	downloaded successfully
INFO:root:	IPGP	downloaded successfully
INFO:root:	EV	downloaded successfully
INFO:root:	GWW	downloaded successfully
INFO:root:	FF	downloaded successfully
INFO:root:	HF	downloaded successfully
INFO:root:	HPT	downloaded successfully
INFO:root:	LG	downloaded successfully
INFO:root:	FIX	downloaded successfully
INFO:root:	HAYN	downloaded successfully
INFO:root:	MOG.A	missing history
INFO:root:	LNCE	downloaded successfully
INFO:root:	ECOL	downloaded successfully
INFO:root:	EGL	downloaded successfully
INFO:root:	EMN	downloaded successfully
INFO:root:	MJN	downloaded successfully
INFO:root:	EPIQ	downloaded successfully
INFO:root:	GPN	downloaded successfully
INFO:root:	KBH	downloaded successfully
INFO:root:	IBOC	downloaded successfully
INFO:root:	KS	downloaded successfully
INFO:root:	MCF	downloaded successfully
INFO:root:	LUK	downloaded successfully
INFO:root:	MDLZ	downloaded successfully
INFO:root:	MLHR	downloaded successfully
INFO:root:	DVA	downloaded successfully
INFO:root:	JACK	downloaded successfully
INFO:root:	ITT	downloaded successfully
INFO:root:	KO	downloaded successfully
INFO:root:	GIS	downloaded successfully
INFO:root:	HCA	downloaded successfully
INFO:root:	GT	downloaded successfully
INFO:root:	HLIT	downloaded successfully
INFO:root:	KMB	downloaded successfully
INFO:root:	LSTR	downloaded successfully
INFO:root:	MHK	downloaded successfully
INFO:root:	HCN	downloaded successfully
INFO:root:	DOW	downloaded successfully
INFO:root:	HOT	downloaded successfully
INFO:root:	MS	downloaded successfully
INFO:root:	MTB	downloaded successfully
INFO:root:	LZB	downloaded successfully
INFO:root:	K	downloaded successfully
INFO:root:	EBIX	downloaded successfully
INFO:root:	JCP	downloaded successfully
INFO:root:	GK	downloaded successfully
INFO:root:	KSU	downloaded successfully
INFO:root:	HD	downloaded successfully
INFO:root:	MMM	downloaded successfully
INFO:root:	IM	downloaded successfully
INFO:root:	MKC	downloaded successfully
INFO:root:	MRCY	downloaded successfully
INFO:root:	MATW	downloaded successfully
INFO:root:	MLI	downloaded successfully
INFO:root:	LMNX	downloaded successfully
INFO:root:	MWW	downloaded successfully
INFO:root:	MAN	downloaded successfully
INFO:root:	MNRO	downloaded successfully
INFO:root:	MSFT	downloaded successfully
INFO:root:	MD	downloaded successfully
INFO:root:	MOV	downloaded successfully
INFO:root:	JNS	downloaded successfully
INFO:root:	EL	downloaded successfully
INFO:root:	NATI	downloaded successfully
INFO:root:	FCS	downloaded successfully
INFO:root:	EXP	downloaded successfully
INFO:root:	EQT	downloaded successfully
INFO:root:	LPX	downloaded successfully
INFO:root:	MHO	downloaded successfully
INFO:root:	HTLD	downloaded successfully
INFO:root:	LAMR	downloaded successfully
INFO:root:	LTC	downloaded successfully
INFO:root:	KBR	downloaded successfully
INFO:root:	FTK	downloaded successfully
INFO:root:	MATX	downloaded successfully
INFO:root:	NNN	downloaded successfully
INFO:root:	MOH	downloaded successfully
INFO:root:	MSA	downloaded successfully
INFO:root:	JBT	downloaded successfully
INFO:root:	MUR	downloaded successfully
INFO:root:	KEX	downloaded successfully
INFO:root:	IDCC	downloaded successfully
INFO:root:	KMT	downloaded successfully
INFO:root:	MMS	downloaded successfully
INFO:root:	MAR	downloaded successfully
INFO:root:	MSI	downloaded successfully
INFO:root:	MTRX	downloaded successfully
INFO:root:	HUB.B	missing history
INFO:root:	EXAR	downloaded successfully
INFO:root:	INGR	downloaded successfully
INFO:root:	DSPG	downloaded successfully
INFO:root:	OA	missing history
INFO:root:	FINL	downloaded successfully
INFO:root:	FHN	downloaded successfully
INFO:root:	KR	downloaded successfully
INFO:root:	ICE	downloaded successfully
INFO:root:	NAVG	downloaded successfully
INFO:root:	MKSI	downloaded successfully
INFO:root:	HPY	downloaded successfully
INFO:root:	LMOS	downloaded successfully
INFO:root:	MPC	downloaded successfully
INFO:root:	GTY	downloaded successfully
INFO:root:	FDS	downloaded successfully
INFO:root:	KMI	downloaded successfully
INFO:root:	MCHP	downloaded successfully
INFO:root:	LOW	downloaded successfully
INFO:root:	NEM	downloaded successfully
INFO:root:	GLW	downloaded successfully
INFO:root:	MNST	downloaded successfully
INFO:root:	LLTC	downloaded successfully
INFO:root:	FMER	downloaded successfully
INFO:root:	GMT	downloaded successfully
INFO:root:	KOP	downloaded successfully
INFO:root:	MTD	downloaded successfully
INFO:root:	HIBB	downloaded successfully
INFO:root:	MYE	downloaded successfully
INFO:root:	KWR	downloaded successfully
INFO:root:	HMSY	downloaded successfully
INFO:root:	NWE	downloaded successfully
INFO:root:	MLM	downloaded successfully
INFO:root:	KLAC	downloaded successfully
INFO:root:	MDAS	downloaded successfully
INFO:root:	MIG	downloaded successfully
INFO:root:	FULT	downloaded successfully
INFO:root:	LDL	downloaded successfully
INFO:root:	MDT	downloaded successfully
INFO:root:	MENT	downloaded successfully
INFO:root:	EMR	downloaded successfully
INFO:root:	KRA	downloaded successfully
INFO:root:	LNN	downloaded successfully
INFO:root:	MTSC	downloaded successfully
INFO:root:	MW	downloaded successfully
INFO:root:	EVR	downloaded successfully
INFO:root:	MSCC	downloaded successfully
INFO:root:	NDAQ	downloaded successfully
INFO:root:	NBR	downloaded successfully
INFO:root:	HFC	downloaded successfully
INFO:root:	NAVI	downloaded successfully
INFO:root:	NFG	downloaded successfully
INFO:root:	LII	downloaded successfully
INFO:root:	JDSU	downloaded successfully
INFO:root:	HW	downloaded successfully
INFO:root:	NP	downloaded successfully
INFO:root:	OHI	downloaded successfully
INFO:root:	MSM	downloaded successfully
INFO:root:	GM	downloaded successfully
INFO:root:	MCRI	downloaded successfully
INFO:root:	LXP	downloaded successfully
INFO:root:	KALU	downloaded successfully
INFO:root:	LDOS	downloaded successfully
INFO:root:	ITW	downloaded successfully
INFO:root:	NILE	downloaded successfully
INFO:root:	FN	downloaded successfully
INFO:root:	LTM	downloaded successfully
INFO:root:	LQDT	downloaded successfully
INFO:root:	IPHS	downloaded successfully
INFO:root:	MMSI	downloaded successfully
INFO:root:	PGN	missing history
INFO:root:	LTXB	missing history
INFO:root:	GNCMA	downloaded successfully
INFO:root:	FL	downloaded successfully
INFO:root:	MYL	downloaded successfully
INFO:root:	LUV	downloaded successfully
INFO:root:	MINI	downloaded successfully
INFO:root:	MTH	downloaded successfully
INFO:root:	OFC	downloaded successfully
INFO:root:	NX	downloaded successfully
INFO:root:	MON	downloaded successfully
INFO:root:	MKTX	downloaded successfully
INFO:root:	MNTA	downloaded successfully
INFO:root:	IPAR	downloaded successfully
INFO:root:	MMC	downloaded successfully
INFO:root:	MANH	downloaded successfully
INFO:root:	MRH	downloaded successfully
INFO:root:	NR	downloaded successfully
INFO:root:	GGG	downloaded successfully
INFO:root:	MDP	downloaded successfully
INFO:root:	FLR	downloaded successfully
INFO:root:	INTU	downloaded successfully
INFO:root:	MBFI	downloaded successfully
INFO:root:	MNK	downloaded successfully
INFO:root:	MSCI	downloaded successfully
INFO:root:	NYCB	downloaded successfully
INFO:root:	NEOG	downloaded successfully
INFO:root:	LANC	downloaded successfully
INFO:root:	NDSN	downloaded successfully
INFO:root:	HRC	downloaded successfully
INFO:root:	OKE	downloaded successfully
INFO:root:	ORI	downloaded successfully
INFO:root:	NUVA	downloaded successfully
INFO:root:	IT	downloaded successfully
INFO:root:	NBL	downloaded successfully
INFO:root:	MAS	downloaded successfully
INFO:root:	NANO	downloaded successfully
INFO:root:	LEG	downloaded successfully
INFO:root:	MTX	downloaded successfully
INFO:root:	QRVO	missing history
INFO:root:	NTGR	downloaded successfully
INFO:root:	MTRN	downloaded successfully
INFO:root:	MPW	downloaded successfully
INFO:root:	PPS	downloaded successfully
INFO:root:	M	downloaded successfully
INFO:root:	LLY	downloaded successfully
INFO:root:	NWL	downloaded successfully
INFO:root:	HOLX	downloaded successfully
INFO:root:	LGND	downloaded successfully
INFO:root:	KEY	downloaded successfully
INFO:root:	GXP	downloaded successfully
INFO:root:	HSIC	downloaded successfully
INFO:root:	KEYS	missing history
INFO:root:	KMX	downloaded successfully
INFO:root:	MOS	downloaded successfully
INFO:root:	PRSC	downloaded successfully
INFO:root:	OFG	downloaded successfully
INFO:root:	NFLX	downloaded successfully
INFO:root:	LDR	downloaded successfully
INFO:root:	DVN	downloaded successfully
INFO:root:	JOY	downloaded successfully
INFO:root:	MO	downloaded successfully
INFO:root:	ININ	downloaded successfully
INFO:root:	LB	downloaded successfully
INFO:root:	NBTB	downloaded successfully
INFO:root:	HUBG	downloaded successfully
INFO:root:	LMT	downloaded successfully
INFO:root:	LKQ	downloaded successfully
INFO:root:	OCR	downloaded successfully
INFO:root:	KN	downloaded successfully
INFO:root:	ELY	downloaded successfully
INFO:root:	PCH	downloaded successfully
INFO:root:	MDU	downloaded successfully
INFO:root:	RYAM	missing history
INFO:root:	JAH	downloaded successfully
INFO:root:	NE	downloaded successfully
INFO:root:	MSTR	downloaded successfully
INFO:root:	JKHY	downloaded successfully
INFO:root:	PKG	downloaded successfully
INFO:root:	OSIS	downloaded successfully
INFO:root:	POL	downloaded successfully
INFO:root:	JEC	downloaded successfully
INFO:root:	PNR	downloaded successfully
INFO:root:	NOC	downloaded successfully
INFO:root:	NEU	downloaded successfully
INFO:root:	PNC	downloaded successfully
INFO:root:	PRFT	downloaded successfully
INFO:root:	PLCM	downloaded successfully
INFO:root:	ROIC	downloaded successfully
INFO:root:	MPWR	downloaded successfully
INFO:root:	HE	downloaded successfully
INFO:root:	LPNT	downloaded successfully
INFO:root:	PAYX	downloaded successfully
INFO:root:	PLT	downloaded successfully
INFO:root:	PWR	downloaded successfully
INFO:root:	LNT	downloaded successfully
INFO:root:	LL	downloaded successfully
INFO:root:	MET	downloaded successfully
INFO:root:	MDC	downloaded successfully
INFO:root:	MWV	downloaded successfully
INFO:root:	MCK	downloaded successfully
INFO:root:	NCI	downloaded successfully
INFO:root:	MASI	downloaded successfully
INFO:root:	MRK	downloaded successfully
INFO:root:	PSB	downloaded successfully
INFO:root:	IEX	downloaded successfully
INFO:root:	PBI	downloaded successfully
INFO:root:	NJR	downloaded successfully
INFO:root:	PHM	downloaded successfully
INFO:root:	PQ	downloaded successfully
INFO:root:	L	downloaded successfully
INFO:root:	NYT	downloaded successfully
INFO:root:	LVLT	downloaded successfully
INFO:root:	OXY	downloaded successfully
INFO:root:	MA	downloaded successfully
INFO:root:	NSP	downloaded successfully
INFO:root:	IVC	downloaded successfully
INFO:root:	NEWP	downloaded successfully
INFO:root:	FDX	downloaded successfully
INFO:root:	OGE	downloaded successfully
INFO:root:	RAX	downloaded successfully
INFO:root:	NTRI	downloaded successfully
INFO:root:	NEE	downloaded successfully
INFO:root:	OGS	missing history
INFO:root:	IPCC	downloaded successfully
INFO:root:	ORIT	downloaded successfully
INFO:root:	LRCX	downloaded successfully
INFO:root:	JCI	downloaded successfully
INFO:root:	NFX	downloaded successfully
INFO:root:	HWAY	downloaded successfully
INFO:root:	FLS	downloaded successfully
INFO:root:	LEN	downloaded successfully
INFO:root:	OI	downloaded successfully
INFO:root:	POWI	downloaded successfully
INFO:root:	PDCE	downloaded successfully
INFO:root:	OLN	downloaded successfully
INFO:root:	NOG	downloaded successfully
INFO:root:	REGN	downloaded successfully
INFO:root:	LXU	downloaded successfully
INFO:root:	OMG	downloaded successfully
INFO:root:	PGR	downloaded successfully
INFO:root:	PTEN	downloaded successfully
INFO:root:	PNFP	downloaded successfully
INFO:root:	MRO	downloaded successfully
INFO:root:	NCR	downloaded successfully
INFO:root:	LO	downloaded successfully
INFO:root:	LPSN	downloaded successfully
INFO:root:	QCOM	downloaded successfully
INFO:root:	SGNT	downloaded successfully
INFO:root:	SAFT	downloaded successfully
INFO:root:	LM	downloaded successfully
INFO:root:	NPBC	downloaded successfully
INFO:root:	ITG	downloaded successfully
INFO:root:	PRU	downloaded successfully
INFO:root:	ROSE	downloaded successfully
INFO:root:	NSR	downloaded successfully
INFO:root:	MAA	downloaded successfully
INFO:root:	MDRX	downloaded successfully
INFO:root:	MCRL	downloaded successfully
INFO:root:	HRL	downloaded successfully
INFO:root:	SAM	downloaded successfully
INFO:root:	PBY	downloaded successfully
INFO:root:	PEP	downloaded successfully
INFO:root:	RTEC	downloaded successfully
INFO:root:	SIRO	downloaded successfully
INFO:root:	PB	downloaded successfully
INFO:root:	PKI	downloaded successfully
INFO:root:	NVDA	downloaded successfully
INFO:root:	MU	downloaded successfully
INFO:root:	RRC	downloaded successfully
INFO:root:	RMD	downloaded successfully
INFO:root:	NWN	downloaded successfully
INFO:root:	SKT	downloaded successfully
INFO:root:	SCSC	downloaded successfully
INFO:root:	FIS	downloaded successfully
INFO:root:	PLXS	downloaded successfully
INFO:root:	MDCO	downloaded successfully
INFO:root:	JBHT	downloaded successfully
INFO:root:	PCL	downloaded successfully
INFO:root:	MANT	downloaded successfully
INFO:root:	REXX	downloaded successfully
INFO:root:	HSII	downloaded successfully
INFO:root:	PNRA	downloaded successfully
INFO:root:	QSII	downloaded successfully
INFO:root:	SWI	downloaded successfully
INFO:root:	MGLN	downloaded successfully
INFO:root:	MED	downloaded successfully
INFO:root:	IFF	downloaded successfully
INFO:root:	PX	downloaded successfully
INFO:root:	QEP	downloaded successfully
INFO:root:	SEIC	downloaded successfully
INFO:root:	O	downloaded successfully
INFO:root:	RHI	downloaded successfully
INFO:root:	NI	downloaded successfully
INFO:root:	MCO	downloaded successfully
INFO:root:	SMG	downloaded successfully
INFO:root:	MHFI	downloaded successfully
INFO:root:	PGTI	downloaded successfully
INFO:root:	POM	downloaded successfully
INFO:root:	MDSO	downloaded successfully
INFO:root:	NRG	downloaded successfully
INFO:root:	PLD	downloaded successfully
INFO:root:	RJF	downloaded successfully
INFO:root:	SPPI	downloaded successfully
INFO:root:	OSK	downloaded successfully
INFO:root:	RS	downloaded successfully
INFO:root:	ODFL	downloaded successfully
INFO:root:	RGEN	downloaded successfully
INFO:root:	OMI	downloaded successfully
INFO:root:	SCHW	downloaded successfully
INFO:root:	SNI	downloaded successfully
INFO:root:	NTRS	downloaded successfully
INFO:root:	SLH	downloaded successfully
INFO:root:	RBC	downloaded successfully
INFO:root:	SLB	downloaded successfully
INFO:root:	SBSI	downloaded successfully
INFO:root:	NOV	downloaded successfully
INFO:root:	SNA	downloaded successfully
INFO:root:	RYL	downloaded successfully
INFO:root:	PKY	downloaded successfully
INFO:root:	PLKI	downloaded successfully
INFO:root:	SPG	downloaded successfully
INFO:root:	LH	downloaded successfully
INFO:root:	MCD	downloaded successfully
INFO:root:	LNC	downloaded successfully
INFO:root:	PSEM	downloaded successfully
INFO:root:	JPM	downloaded successfully
INFO:root:	NPK	downloaded successfully
INFO:root:	PRXL	downloaded successfully
INFO:root:	STE	downloaded successfully
INFO:root:	OUTR	downloaded successfully
INFO:root:	THS	downloaded successfully
INFO:root:	SEM	downloaded successfully
INFO:root:	PERY	downloaded successfully
INFO:root:	PFE	downloaded successfully
INFO:root:	MAT	downloaded successfully
INFO:root:	SO	downloaded successfully
INFO:root:	SLCA	downloaded successfully
INFO:root:	RTI	downloaded successfully
INFO:root:	SCSS	downloaded successfully
INFO:root:	MCS	downloaded successfully
INFO:root:	TDS	downloaded successfully
INFO:root:	ROST	downloaded successfully
INFO:root:	OZRK	downloaded successfully
INFO:root:	PVA	downloaded successfully
INFO:root:	PSX	downloaded successfully
INFO:root:	SAH	downloaded successfully
INFO:root:	OMC	downloaded successfully
INFO:root:	TECD	downloaded successfully
INFO:root:	RNR	downloaded successfully
INFO:root:	ROK	downloaded successfully
INFO:root:	PM	downloaded successfully
INFO:root:	SIVB	downloaded successfully
INFO:root:	RF	downloaded successfully
INFO:root:	PRGO	downloaded successfully
INFO:root:	JLL	downloaded successfully
INFO:root:	LXK	downloaded successfully
INFO:root:	SPTN	downloaded successfully
INFO:root:	LYB	downloaded successfully
INFO:root:	TNGO	downloaded successfully
INFO:root:	PCLN	downloaded successfully
INFO:root:	PSA	downloaded successfully
INFO:root:	STLD	downloaded successfully
INFO:root:	TMO	downloaded successfully
INFO:root:	NKE	downloaded successfully
INFO:root:	PTC	downloaded successfully
INFO:root:	MEI	downloaded successfully
INFO:root:	STT	downloaded successfully
INFO:root:	SHW	downloaded successfully
INFO:root:	SRDX	downloaded successfully
INFO:root:	OII	downloaded successfully
INFO:root:	SLG	downloaded successfully
INFO:root:	SYNA	downloaded successfully
INFO:root:	POOL	downloaded successfully
INFO:root:	SMP	downloaded successfully
INFO:root:	PRA	downloaded successfully
INFO:root:	SNPS	downloaded successfully
INFO:root:	SWN	downloaded successfully
INFO:root:	SUP	downloaded successfully
INFO:root:	SCI	downloaded successfully
INFO:root:	SWK	downloaded successfully
INFO:root:	SENEA	downloaded successfully
INFO:root:	SGY	downloaded successfully
INFO:root:	SXT	downloaded successfully
INFO:root:	PNK	downloaded successfully
INFO:root:	PBCT	downloaded successfully
INFO:root:	RDC	downloaded successfully
INFO:root:	SSP	downloaded successfully
INFO:root:	SNCR	downloaded successfully
INFO:root:	T	downloaded successfully
INFO:root:	PDCO	downloaded successfully
INFO:root:	NVR	downloaded successfully
INFO:root:	TER	downloaded successfully
INFO:root:	PCAR	downloaded successfully
INFO:root:	PFG	downloaded successfully
INFO:root:	SFG	downloaded successfully
INFO:root:	RRD	downloaded successfully
INFO:root:	ORLY	downloaded successfully
INFO:root:	PACW	downloaded successfully
INFO:root:	RKT	downloaded successfully
INFO:root:	PH	downloaded successfully
INFO:root:	RGA	downloaded successfully
INFO:root:	RSG	downloaded successfully
INFO:root:	NSC	downloaded successfully
INFO:root:	UE	missing history
INFO:root:	TDW	downloaded successfully
INFO:root:	TRAK	downloaded successfully
INFO:root:	LFUS	downloaded successfully
INFO:root:	TIF	downloaded successfully
INFO:root:	PNW	downloaded successfully
INFO:root:	NUE	downloaded successfully
INFO:root:	SBUX	downloaded successfully
INFO:root:	SANM	downloaded successfully
INFO:root:	POST	downloaded successfully
INFO:root:	TCB	downloaded successfully
INFO:root:	NLSN	downloaded successfully
INFO:root:	RYN	downloaded successfully
INFO:root:	TG	downloaded successfully
INFO:root:	OXM	downloaded successfully
INFO:root:	TRIP	downloaded successfully
INFO:root:	ROCK	downloaded successfully
INFO:root:	UBA	downloaded successfully
INFO:root:	SYRG	downloaded successfully
INFO:root:	SKX	downloaded successfully
INFO:root:	PII	downloaded successfully
INFO:root:	SUSQ	downloaded successfully
INFO:root:	PBH	downloaded successfully
INFO:root:	SMRT	downloaded successfully
INFO:root:	STI	downloaded successfully
INFO:root:	RHT	downloaded successfully
INFO:root:	PXD	downloaded successfully
INFO:root:	SAIA	downloaded successfully
INFO:root:	SON	downloaded successfully
INFO:root:	ORN	downloaded successfully
INFO:root:	TILE	downloaded successfully
INFO:root:	RCII	downloaded successfully
INFO:root:	TIME	missing history
INFO:root:	PMC	downloaded successfully
INFO:root:	LHCG	downloaded successfully
INFO:root:	QLGC	downloaded successfully
INFO:root:	THG	downloaded successfully
INFO:root:	RTN	downloaded successfully
INFO:root:	PEG	downloaded successfully
INFO:root:	PLCE	downloaded successfully
INFO:root:	RGLD	downloaded successfully
INFO:root:	TECH	downloaded successfully
INFO:root:	NPO	downloaded successfully
INFO:root:	MCY	downloaded successfully
INFO:root:	VAC	downloaded successfully
INFO:root:	POWL	downloaded successfully
INFO:root:	OMCL	downloaded successfully
INFO:root:	TJX	downloaded successfully
INFO:root:	VSTO	missing history
INFO:root:	ODP	downloaded successfully
INFO:root:	RSTI	downloaded successfully
INFO:root:	SE	downloaded successfully
INFO:root:	UHT	downloaded successfully
INFO:root:	SSS	downloaded successfully
INFO:root:	OIS	downloaded successfully
INFO:root:	QNST	downloaded successfully
INFO:root:	STX	downloaded successfully
INFO:root:	PES	downloaded successfully
INFO:root:	PCG	downloaded successfully
INFO:root:	SPW	downloaded successfully
INFO:root:	SAIC	downloaded successfully
INFO:root:	TUP	downloaded successfully
INFO:root:	SPLS	downloaded successfully
INFO:root:	TSS	downloaded successfully
INFO:root:	PRGS	downloaded successfully
INFO:root:	TOL	downloaded successfully
INFO:root:	TCBI	downloaded successfully
INFO:root:	TDY	downloaded successfully
INFO:root:	NTAP	downloaded successfully
INFO:root:	ROVI	downloaded successfully
INFO:root:	ONB	downloaded successfully
INFO:root:	UFPI	downloaded successfully
INFO:root:	WAGE	downloaded successfully
INFO:root:	SWKS	downloaded successfully
INFO:root:	PEI	downloaded successfully
INFO:root:	SAFM	downloaded successfully
INFO:root:	SLM	downloaded successfully
INFO:root:	SYY	downloaded successfully
INFO:root:	NSIT	downloaded successfully
INFO:root:	SNDK	downloaded successfully
INFO:root:	TSCO	downloaded successfully
INFO:root:	TESO	downloaded successfully
INFO:root:	SJI	downloaded successfully
INFO:root:	SLGN	downloaded successfully
INFO:root:	PRAA	downloaded successfully
INFO:root:	PRI	downloaded successfully
INFO:root:	SWX	downloaded successfully
INFO:root:	PFS	downloaded successfully
INFO:root:	RRGB	downloaded successfully
INFO:root:	VICR	downloaded successfully
INFO:root:	UBSI	downloaded successfully
INFO:root:	SNV	downloaded successfully
INFO:root:	VDSI	downloaded successfully
INFO:root:	UIHC	downloaded successfully
INFO:root:	LYV	downloaded successfully
INFO:root:	TGI	downloaded successfully
INFO:root:	R	downloaded successfully
INFO:root:	UEIC	downloaded successfully
INFO:root:	PVH	downloaded successfully
INFO:root:	PCP	downloaded successfully
INFO:root:	STMP	downloaded successfully
INFO:root:	RL	downloaded successfully
INFO:root:	UTX	downloaded successfully
INFO:root:	SYK	downloaded successfully
INFO:root:	PNM	downloaded successfully
INFO:root:	SF	downloaded successfully
INFO:root:	PAY	downloaded successfully
INFO:root:	TRN	downloaded successfully
INFO:root:	PJC	downloaded successfully
INFO:root:	WPG	missing history
INFO:root:	SZMK	downloaded successfully
INFO:root:	UPS	downloaded successfully
INFO:root:	SCG	downloaded successfully
INFO:root:	JNJ	downloaded successfully
INFO:root:	SBNY	downloaded successfully
INFO:root:	TAP	downloaded successfully
INFO:root:	RUTH	downloaded successfully
INFO:root:	ROL	downloaded successfully
INFO:root:	SHLM	downloaded successfully
INFO:root:	SIAL	downloaded successfully
INFO:root:	RCL	downloaded successfully
INFO:root:	RT	downloaded successfully
INFO:root:	VRTX	downloaded successfully
INFO:root:	UFS	downloaded successfully
INFO:root:	SCL	downloaded successfully
INFO:root:	THO	downloaded successfully
INFO:root:	VTR	downloaded successfully
INFO:root:	PETS	downloaded successfully
INFO:root:	PZZA	downloaded successfully
INFO:root:	STZ	downloaded successfully
INFO:root:	WCG	downloaded successfully
INFO:root:	WDFC	downloaded successfully
INFO:root:	SMTC	downloaded successfully
INFO:root:	UVE	downloaded successfully
INFO:root:	NWBI	downloaded successfully
INFO:root:	RRTS	downloaded successfully
INFO:root:	ZTS	downloaded successfully
INFO:root:	STBA	downloaded successfully
INFO:root:	UMBF	downloaded successfully
INFO:root:	ORCL	downloaded successfully
INFO:root:	STJ	downloaded successfully
INFO:root:	PNY	downloaded successfully
INFO:root:	VRSN	downloaded successfully
INFO:root:	SUNE	downloaded successfully
INFO:root:	SXC	downloaded successfully
INFO:root:	SBRA	downloaded successfully
INFO:root:	SRCL	downloaded successfully
INFO:root:	TDC	downloaded successfully
INFO:root:	TWX	downloaded successfully
INFO:root:	SKYW	downloaded successfully
INFO:root:	PLL	downloaded successfully
INFO:root:	SCOR	downloaded successfully
INFO:root:	TRMB	downloaded successfully
INFO:root:	SRE	downloaded successfully
INFO:root:	SFNC	downloaded successfully
INFO:root:	TTC	downloaded successfully
INFO:root:	ROG	downloaded successfully
INFO:root:	UTEK	downloaded successfully
INFO:root:	SNH	downloaded successfully
INFO:root:	TASR	downloaded successfully
INFO:root:	TTI	downloaded successfully
INFO:root:	RIG	downloaded successfully
INFO:root:	SNX	downloaded successfully
INFO:root:	SM	downloaded successfully
INFO:root:	TYC	downloaded successfully
INFO:root:	SONC	downloaded successfully
INFO:root:	VAL	downloaded successfully
INFO:root:	RGR	downloaded successfully
INFO:root:	UNH	downloaded successfully
INFO:root:	NTCT	downloaded successfully
INFO:root:	PVTB	downloaded successfully
INFO:root:	SWM	downloaded successfully
INFO:root:	THOR	downloaded successfully
INFO:root:	VMC	downloaded successfully
INFO:root:	VZ	downloaded successfully
INFO:root:	WIN	downloaded successfully
INFO:root:	SPN	downloaded successfully
INFO:root:	VECO	downloaded successfully
INFO:root:	SPOK	missing history
INFO:root:	VRTS	downloaded successfully
INFO:root:	SVU	downloaded successfully
INFO:root:	ZUMZ	downloaded successfully
INFO:root:	WAT	downloaded successfully
INFO:root:	WERN	downloaded successfully
INFO:root:	WTS	downloaded successfully
INFO:root:	TPX	downloaded successfully
INFO:root:	RE	downloaded successfully
INFO:root:	URBN	downloaded successfully
INFO:root:	TEG	downloaded successfully
INFO:root:	PG	downloaded successfully
INFO:root:	TSN	downloaded successfully
INFO:root:	XRX	downloaded successfully
INFO:root:	VVC	downloaded successfully
INFO:root:	WRB	downloaded successfully
INFO:root:	TKR	downloaded successfully
INFO:root:	SIG	downloaded successfully
INFO:root:	STC	downloaded successfully
INFO:root:	TMP	downloaded successfully
INFO:root:	WGL	downloaded successfully
INFO:root:	TW	downloaded successfully
INFO:root:	UCBI	downloaded successfully
INFO:root:	WMT	downloaded successfully
INFO:root:	TMST	missing history
INFO:root:	YHOO	downloaded successfully
INFO:root:	TE	downloaded successfully
INFO:root:	PKE	downloaded successfully
INFO:root:	SFY	downloaded successfully
INFO:root:	X	downloaded successfully
INFO:root:	WSO	downloaded successfully
INFO:root:	SHOO	downloaded successfully
INFO:root:	VSAT	downloaded successfully
INFO:root:	RJET	downloaded successfully
INFO:root:	STR	downloaded successfully
INFO:root:	UVV	downloaded successfully
INFO:root:	WCN	downloaded successfully
INFO:root:	SMCI	downloaded successfully
INFO:root:	TROW	downloaded successfully
INFO:root:	PPG	downloaded successfully
INFO:root:	SEE	downloaded successfully
INFO:root:	SCHL	downloaded successfully
INFO:root:	THRM	downloaded successfully
INFO:root:	UFCS	downloaded successfully
INFO:root:	TYL	downloaded successfully
INFO:root:	TLMR	downloaded successfully
INFO:root:	WRI	downloaded successfully
INFO:root:	XLNX	downloaded successfully
INFO:root:	WEX	downloaded successfully
INFO:root:	TEX	downloaded successfully
INFO:root:	VIVO	downloaded successfully
INFO:root:	TEL	downloaded successfully
INFO:root:	WU	downloaded successfully
INFO:root:	RPM	downloaded successfully
INFO:root:	RAI	downloaded successfully
INFO:root:	TGT	downloaded successfully
INFO:root:	SLAB	downloaded successfully
INFO:root:	ROP	downloaded successfully
INFO:root:	VRTU	downloaded successfully
INFO:root:	RLI	downloaded successfully
INFO:root:	VVI	downloaded successfully
INFO:root:	UMPQ	downloaded successfully
INFO:root:	SXI	downloaded successfully
INFO:root:	VRTV	missing history
INFO:root:	WBA	downloaded successfully
INFO:root:	TXN	downloaded successfully
INFO:root:	STL	downloaded successfully
INFO:root:	SWC	downloaded successfully
INFO:root:	VSH	downloaded successfully
INFO:root:	SSD	downloaded successfully
INFO:root:	UDR	downloaded successfully
INFO:root:	VFC	downloaded successfully
INFO:root:	WDR	downloaded successfully
INFO:root:	RGS	downloaded successfully
INFO:root:	WIRE	downloaded successfully
INFO:root:	UIL	downloaded successfully
INFO:root:	RECN	downloaded successfully
INFO:root:	TSO	downloaded successfully
INFO:root:	WAB	downloaded successfully
INFO:root:	SJM	downloaded successfully
INFO:root:	UTHR	downloaded successfully
INFO:root:	VMI	downloaded successfully
INFO:root:	SIGI	downloaded successfully
INFO:root:	VAR	downloaded successfully
INFO:root:	TWC	downloaded successfully
INFO:root:	WNR	downloaded successfully
INFO:root:	ZEUS	downloaded successfully
INFO:root:	WWW	downloaded successfully
INFO:root:	XXIA	downloaded successfully
INFO:root:	WD	downloaded successfully
INFO:root:	SYKE	downloaded successfully
INFO:root:	WWAV	downloaded successfully
INFO:root:	TTEC	downloaded successfully
INFO:root:	SPF	downloaded successfully
INFO:root:	UGI	downloaded successfully
INFO:root:	TRMK	downloaded successfully
INFO:root:	TTMI	downloaded successfully
INFO:root:	XEC	downloaded successfully
INFO:root:	TBI	downloaded successfully
INFO:root:	TNC	downloaded successfully
INFO:root:	SGMS	downloaded successfully
INFO:root:	WST	downloaded successfully
INFO:root:	URI	downloaded successfully
INFO:root:	V	downloaded successfully
INFO:root:	XYL	downloaded successfully
INFO:root:	VSI	downloaded successfully
INFO:root:	WRLD	downloaded successfully
INFO:root:	REG	downloaded successfully
INFO:root:	WGO	downloaded successfully
INFO:root:	PPL	downloaded successfully
INFO:root:	WPP	downloaded successfully
INFO:root:	TXRH	downloaded successfully
INFO:root:	VNO	downloaded successfully
INFO:root:	TR	downloaded successfully
INFO:root:	STRA	downloaded successfully
INFO:root:	XOM	downloaded successfully
INFO:root:	UNM	downloaded successfully
INFO:root:	VLO	downloaded successfully
INFO:root:	UFI	downloaded successfully
INFO:root:	TYPE	downloaded successfully
INFO:root:	TSRA	downloaded successfully
INFO:root:	TRST	downloaded successfully
INFO:root:	UNF	downloaded successfully
INFO:root:	THC	downloaded successfully
INFO:root:	WBS	downloaded successfully
INFO:root:	UTI	downloaded successfully
INFO:root:	TMK	downloaded successfully
INFO:root:	WPX	downloaded successfully
INFO:root:	YUM	downloaded successfully
INFO:root:	WOOF	downloaded successfully
INFO:root:	WFC	downloaded successfully
INFO:root:	VASC	downloaded successfully
INFO:root:	SSI	downloaded successfully
INFO:root:	TTWO	downloaded successfully
INFO:root:	WWD	downloaded successfully
INFO:root:	TFX	downloaded successfully
INFO:root:	WEC	downloaded successfully
INFO:root:	WABC	downloaded successfully
INFO:root:	VIAB	downloaded successfully
INFO:root:	WM	downloaded successfully
INFO:root:	WTFC	downloaded successfully
INFO:root:	TTEK	downloaded successfully
INFO:root:	SYMC	downloaded successfully
INFO:root:	ZION	downloaded successfully
INFO:root:	XEL	downloaded successfully
INFO:root:	TWI	downloaded successfully
INFO:root:	WY	downloaded successfully
INFO:root:	UHS	downloaded successfully
INFO:root:	ULTI	downloaded successfully
INFO:root:	USB	downloaded successfully
INFO:root:	WDC	downloaded successfully
INFO:root:	WSM	downloaded successfully
INFO:root:	WHR	downloaded successfully
INFO:root:	TXT	downloaded successfully
INFO:root:	Y	downloaded successfully
INFO:root:	XOXO	downloaded successfully
INFO:root:	VLY	downloaded successfully
INFO:root:	UTIW	downloaded successfully
INFO:root:	VOXX	downloaded successfully
INFO:root:	UNFI	downloaded successfully
INFO:root:	UA	downloaded successfully
INFO:root:	ZBRA	downloaded successfully
INFO:root:	TRV	downloaded successfully
INFO:root:	UNP	downloaded successfully
INFO:root:	WOR	downloaded successfully
INFO:root:	WFM	downloaded successfully
INFO:root:	WR	downloaded successfully
INFO:root:	WYN	downloaded successfully
INFO:root:	ZMH	downloaded successfully
INFO:root:	TUES	downloaded successfully
INFO:root:	WEN	downloaded successfully
INFO:root:	WAFD	downloaded successfully
INFO:root:	XL	downloaded successfully
INFO:root:	WMB	downloaded successfully
INFO:root:	WIBC	downloaded successfully
INFO:root:	WTR	downloaded successfully
INFO:root:	ZEP	downloaded successfully
INFO:root:	XRAY	downloaded successfully
INFO:root:	UNT	downloaded successfully
INFO:root:	WYNN	downloaded successfully
INFO:root:	ZQK	downloaded successfully
DEBUG:root:	Failed List:	
INFO:apscheduler.executors.default:Job "scheduled_job (trigger: cron[day_of_week='mon-sat', hour='23'], next run at: 2015-06-03 23:00:00 EDT)" executed successfully
DEBUG:apscheduler.scheduler:Looking for jobs to run
INFO:apscheduler.executors.default:Running job "scheduled_job (trigger: cron[day_of_week='mon-sat', hour='23'], next run at: 2015-06-03 23:00:00 EDT)" (scheduled at 2015-06-03 23:00:00-04:00)
DEBUG:apscheduler.scheduler:Next wakeup is due at 2015-06-04 23:00:00-04:00 (in 86399.990695 seconds)
INFO:root:	SPR	symbols downloaded successfully
INFO:root:	CDK	missing history
INFO:root:	CSAL	missing history
INFO:root:	ANTM	downloaded successfully
INFO:root:	ACT	downloaded successfully
INFO:root:	ACC	downloaded successfully
INFO:root:	BK	downloaded successfully
INFO:root:	ARE	downloaded successfully
INFO:root:	BCEI	downloaded successfully
INFO:root:	DEL	downloaded successfully
INFO:root:	BR	downloaded successfully
INFO:root:	AKR	downloaded successfully
INFO:root:	DG	downloaded successfully
INFO:root:	AEL	downloaded successfully
INFO:root:	AOL	downloaded successfully
INFO:root:	DDD	downloaded successfully
INFO:root:	CRUS	downloaded successfully
INFO:root:	BBBY	downloaded successfully
INFO:root:	AZZ	downloaded successfully
INFO:root:	CAG	downloaded successfully
INFO:root:	AVAV	downloaded successfully
INFO:root:	CLH	downloaded successfully
INFO:root:	BGC	downloaded successfully
INFO:root:	BBT	downloaded successfully
INFO:root:	CVBF	downloaded successfully
INFO:root:	CMO	downloaded successfully
INFO:root:	AEC	downloaded successfully
INFO:root:	COO	downloaded successfully
INFO:root:	COHR	downloaded successfully
INFO:root:	CHD	downloaded successfully
INFO:root:	BOBE	downloaded successfully
INFO:root:	CME	downloaded successfully
INFO:root:	BAC	downloaded successfully
INFO:root:	CTAS	downloaded successfully
INFO:root:	BMI	downloaded successfully
INFO:root:	BWLD	downloaded successfully
INFO:root:	CREE	downloaded successfully
INFO:root:	DAKT	downloaded successfully
INFO:root:	CFR	downloaded successfully
INFO:root:	BKS	downloaded successfully
INFO:root:	CNC	downloaded successfully
INFO:root:	CPSI	downloaded successfully
INFO:root:	AMSG	downloaded successfully
INFO:root:	ANIK	downloaded successfully
INFO:root:	CALM	downloaded successfully
INFO:root:	CVLT	downloaded successfully
INFO:root:	BOFI	downloaded successfully
INFO:root:	ALE	downloaded successfully
INFO:root:	APH	downloaded successfully
INFO:root:	AREX	downloaded successfully
INFO:root:	CBU	downloaded successfully
INFO:root:	AN	downloaded successfully
INFO:root:	CCL	downloaded successfully
INFO:root:	BRS	downloaded successfully
INFO:root:	CBK	downloaded successfully
INFO:root:	AAWW	downloaded successfully
INFO:root:	CBRL	downloaded successfully
INFO:root:	DHR	downloaded successfully
INFO:root:	AFG	downloaded successfully
INFO:root:	B	downloaded successfully
INFO:root:	ACXM	downloaded successfully
INFO:root:	AVP	downloaded successfully
INFO:root:	BELFB	downloaded successfully
INFO:root:	ATR	downloaded successfully
INFO:root:	ARRS	downloaded successfully
INFO:root:	ADI	downloaded successfully
INFO:root:	ACE	downloaded successfully
INFO:root:	CLX	downloaded successfully
INFO:root:	AIZ	downloaded successfully
INFO:root:	BIG	downloaded successfully
INFO:root:	AMGN	downloaded successfully
INFO:root:	CECO	downloaded successfully
INFO:root:	DBD	downloaded successfully
INFO:root:	ALK	downloaded successfully
INFO:root:	CNO	downloaded successfully
INFO:root:	ALEX	downloaded successfully
INFO:root:	CERN	downloaded successfully
INFO:root:	BMR	downloaded successfully
INFO:root:	ADSK	downloaded successfully
INFO:root:	ACIW	downloaded successfully
INFO:root:	AHL	downloaded successfully
INFO:root:	AIR	downloaded successfully
INFO:root:	CGI	downloaded successfully
INFO:root:	CSH	downloaded successfully
INFO:root:	AON	downloaded successfully
INFO:root:	BGFV	downloaded successfully
INFO:root:	CTSH	downloaded successfully
INFO:root:	BOH	downloaded successfully
INFO:root:	CL	downloaded successfully
INFO:root:	CHS	downloaded successfully
INFO:root:	CATY	downloaded successfully
INFO:root:	ATI	downloaded successfully
INFO:root:	CNX	downloaded successfully
INFO:root:	BRC	downloaded successfully
INFO:root:	DIS	downloaded successfully
INFO:root:	C	downloaded successfully
INFO:root:	CLI	downloaded successfully
INFO:root:	AXE	downloaded successfully
INFO:root:	ASGN	downloaded successfully
INFO:root:	BKE	downloaded successfully
INFO:root:	CPT	downloaded successfully
INFO:root:	ALTR	downloaded successfully
INFO:root:	BCR	downloaded successfully
INFO:root:	DAL	downloaded successfully
INFO:root:	BBCN	downloaded successfully
INFO:root:	AMT	downloaded successfully
INFO:root:	CPB	downloaded successfully
INFO:root:	BRKL	downloaded successfully
INFO:root:	AMD	downloaded successfully
INFO:root:	CAH	downloaded successfully
INFO:root:	A	downloaded successfully
INFO:root:	CRI	downloaded successfully
INFO:root:	ATU	downloaded successfully
INFO:root:	AVB	downloaded successfully
INFO:root:	CDNS	downloaded successfully
INFO:root:	CHSP	downloaded successfully
INFO:root:	DEPO	downloaded successfully
INFO:root:	AEO	downloaded successfully
INFO:root:	AAON	downloaded successfully
INFO:root:	BXP	downloaded successfully
INFO:root:	ACET	downloaded successfully
INFO:root:	AKRX	downloaded successfully
INFO:root:	CRM	downloaded successfully
INFO:root:	CYN	downloaded successfully
INFO:root:	ABM	downloaded successfully
INFO:root:	CNK	downloaded successfully
INFO:root:	CRVL	downloaded successfully
INFO:root:	CBS	downloaded successfully
INFO:root:	CINF	downloaded successfully
INFO:root:	ADT	downloaded successfully
INFO:root:	CMI	downloaded successfully
INFO:root:	CASY	downloaded successfully
INFO:root:	BH	downloaded successfully
INFO:root:	CCC	downloaded successfully
INFO:root:	AEE	downloaded successfully
INFO:root:	AET	downloaded successfully
INFO:root:	ABAX	downloaded successfully
INFO:root:	COP	downloaded successfully
INFO:root:	CXW	downloaded successfully
INFO:root:	DGII	downloaded successfully
INFO:root:	CCMP	downloaded successfully
INFO:root:	CTXS	downloaded successfully
INFO:root:	CRY	downloaded successfully
INFO:root:	DE	downloaded successfully
INFO:root:	CAMP	downloaded successfully
INFO:root:	CBM	downloaded successfully
INFO:root:	BBG	downloaded successfully
INFO:root:	CMP	downloaded successfully
INFO:root:	CB	downloaded successfully
INFO:root:	DCI	downloaded successfully
INFO:root:	APOG	downloaded successfully
INFO:root:	APA	downloaded successfully
INFO:root:	CNL	downloaded successfully
INFO:root:	CLMS	downloaded successfully
INFO:root:	BSX	downloaded successfully
INFO:root:	COR	downloaded successfully
INFO:root:	CGNX	downloaded successfully
INFO:root:	BPFH	downloaded successfully
INFO:root:	ADM	downloaded successfully
INFO:root:	CHE	downloaded successfully
INFO:root:	ADBE	downloaded successfully
INFO:root:	CSL	downloaded successfully
INFO:root:	CI	downloaded successfully
INFO:root:	BCO	downloaded successfully
INFO:root:	CVC	downloaded successfully
INFO:root:	AIRM	downloaded successfully
INFO:root:	DF	downloaded successfully
INFO:root:	BJRI	downloaded successfully
INFO:root:	ATML	downloaded successfully
INFO:root:	CPF	downloaded successfully
INFO:root:	COHU	downloaded successfully
INFO:root:	ATW	downloaded successfully
INFO:root:	CRR	downloaded successfully
INFO:root:	DAN	downloaded successfully
INFO:root:	ALGN	downloaded successfully
INFO:root:	BA	downloaded successfully
INFO:root:	DISCA	downloaded successfully
INFO:root:	AFL	downloaded successfully
INFO:root:	CST	downloaded successfully
INFO:root:	DISCK	missing history
INFO:root:	BBOX	downloaded successfully
INFO:root:	DLPH	downloaded successfully
INFO:root:	CNP	downloaded successfully
INFO:root:	AOS	downloaded successfully
INFO:root:	ANSS	downloaded successfully
INFO:root:	CLW	downloaded successfully
INFO:root:	AMWD	downloaded successfully
INFO:root:	BBY	downloaded successfully
INFO:root:	ARG	downloaded successfully
INFO:root:	AKS	downloaded successfully
INFO:root:	CVS	downloaded successfully
INFO:root:	CCRN	downloaded successfully
INFO:root:	BEN	downloaded successfully
INFO:root:	AEP	downloaded successfully
INFO:root:	AMAT	downloaded successfully
INFO:root:	BGG	downloaded successfully
INFO:root:	ARW	downloaded successfully
INFO:root:	BXS	downloaded successfully
INFO:root:	AMP	downloaded successfully
INFO:root:	CSC	downloaded successfully
INFO:root:	BLK	downloaded successfully
INFO:root:	CYT	downloaded successfully
INFO:root:	BANR	downloaded successfully
INFO:root:	BRKS	downloaded successfully
INFO:root:	AVD	downloaded successfully
INFO:root:	ASH	downloaded successfully
INFO:root:	DRH	downloaded successfully
INFO:root:	COF	downloaded successfully
INFO:root:	DIN	downloaded successfully
INFO:root:	CMN	downloaded successfully
INFO:root:	CBB	downloaded successfully
INFO:root:	CTL	downloaded successfully
INFO:root:	CTRE	missing history
INFO:root:	CR	downloaded successfully
INFO:root:	AVT	downloaded successfully
INFO:root:	CRC	missing history
INFO:root:	ADC	downloaded successfully
INFO:root:	ASB	missing history
INFO:root:	DPS	downloaded successfully
INFO:root:	ALGT	downloaded successfully
INFO:root:	ALL	downloaded successfully
INFO:root:	AMCX	downloaded successfully
INFO:root:	CYBX	downloaded successfully
INFO:root:	AAPL	downloaded successfully
INFO:root:	ACN	downloaded successfully
INFO:root:	AEGN	downloaded successfully
INFO:root:	CAS	downloaded successfully
INFO:root:	ADTN	downloaded successfully
INFO:root:	CBOE	downloaded successfully
INFO:root:	CMS	downloaded successfully
INFO:root:	BMS	downloaded successfully
INFO:root:	ABC	downloaded successfully
INFO:root:	AXP	downloaded successfully
INFO:root:	AJG	downloaded successfully
INFO:root:	CEB	downloaded successfully
INFO:root:	CLC	downloaded successfully
INFO:root:	CPLA	downloaded successfully
INFO:root:	ACI	downloaded successfully
INFO:root:	DAR	downloaded successfully
INFO:root:	CEVA	downloaded successfully
INFO:root:	CKH	downloaded successfully
INFO:root:	CRK	downloaded successfully
INFO:root:	ANDE	downloaded successfully
INFO:root:	ADP	downloaded successfully
INFO:root:	AA	downloaded successfully
INFO:root:	CNSL	downloaded successfully
INFO:root:	BFS	downloaded successfully
INFO:root:	CBSH	downloaded successfully
INFO:root:	BDC	downloaded successfully
INFO:root:	ENVA	missing history
INFO:root:	CRZO	downloaded successfully
INFO:root:	APC	downloaded successfully
INFO:root:	CLD	downloaded successfully
INFO:root:	BRCM	downloaded successfully
INFO:root:	DRI	downloaded successfully
INFO:root:	BGS	downloaded successfully
INFO:root:	ALLE	downloaded successfully
INFO:root:	ATNI	downloaded successfully
INFO:root:	CNMD	downloaded successfully
INFO:root:	BRK.B	missing history
INFO:root:	BCOR	downloaded successfully
INFO:root:	DFS	downloaded successfully
INFO:root:	AVGO	downloaded successfully
INFO:root:	DKS	downloaded successfully
INFO:root:	AIG	downloaded successfully
INFO:root:	CELG	downloaded successfully
INFO:root:	BTU	downloaded successfully
INFO:root:	DLTR	downloaded successfully
INFO:root:	BAS	downloaded successfully
INFO:root:	DGX	downloaded successfully
INFO:root:	AMRI	downloaded successfully
INFO:root:	DCOM	downloaded successfully
INFO:root:	AAT	downloaded successfully
INFO:root:	CA	downloaded successfully
INFO:root:	BRLI	downloaded successfully
INFO:root:	AGCO	downloaded successfully
INFO:root:	BABY	downloaded successfully
INFO:root:	BHI	downloaded successfully
INFO:root:	CAT	downloaded successfully
INFO:root:	BC	downloaded successfully
INFO:root:	AMZN	downloaded successfully
INFO:root:	AIT	downloaded successfully
INFO:root:	ASEI	downloaded successfully
INFO:root:	ARO	downloaded successfully
INFO:root:	EBS	downloaded successfully
INFO:root:	CMA	downloaded successfully
INFO:root:	BKH	downloaded successfully
INFO:root:	DNB	downloaded successfully
INFO:root:	AFFX	downloaded successfully
INFO:root:	ESS	downloaded successfully
INFO:root:	CHK	downloaded successfully
INFO:root:	COL	downloaded successfully
INFO:root:	ENDP	downloaded successfully
INFO:root:	CSX	downloaded successfully
INFO:root:	DO	downloaded successfully
INFO:root:	AME	downloaded successfully
INFO:root:	EIG	downloaded successfully
INFO:root:	CSCO	downloaded successfully
INFO:root:	CRS	downloaded successfully
INFO:root:	DPZ	downloaded successfully
INFO:root:	AVA	downloaded successfully
INFO:root:	CRL	downloaded successfully
INFO:root:	CVG	downloaded successfully
INFO:root:	CHCO	downloaded successfully
INFO:root:	APOL	downloaded successfully
INFO:root:	CTS	downloaded successfully
INFO:root:	CPRT	downloaded successfully
INFO:root:	BMY	downloaded successfully
INFO:root:	COST	downloaded successfully
INFO:root:	EPR	downloaded successfully
INFO:root:	CAKE	downloaded successfully
INFO:root:	AYI	downloaded successfully
INFO:root:	ACOR	downloaded successfully
INFO:root:	DHI	downloaded successfully
INFO:root:	DECK	downloaded successfully
INFO:root:	AKAM	downloaded successfully
INFO:root:	ALB	downloaded successfully
INFO:root:	CF	downloaded successfully
INFO:root:	CDI	downloaded successfully
INFO:root:	CUB	downloaded successfully
INFO:root:	ARCB	downloaded successfully
INFO:root:	CKP	downloaded successfully
INFO:root:	ESIO	downloaded successfully
INFO:root:	DW	downloaded successfully
INFO:root:	DNKN	downloaded successfully
INFO:root:	ADS	downloaded successfully
INFO:root:	EXPD	downloaded successfully
INFO:root:	DNOW	missing history
INFO:root:	EQY	downloaded successfully
INFO:root:	ABT	downloaded successfully
INFO:root:	CIEN	downloaded successfully
INFO:root:	EA	downloaded successfully
INFO:root:	ADVS	downloaded successfully
INFO:root:	AIV	downloaded successfully
INFO:root:	GEOS	downloaded successfully
INFO:root:	DST	downloaded successfully
INFO:root:	ASNA	downloaded successfully
INFO:root:	BLKB	downloaded successfully
INFO:root:	DLX	downloaded successfully
INFO:root:	BAX	downloaded successfully
INFO:root:	AMSF	downloaded successfully
INFO:root:	BKMU	downloaded successfully
INFO:root:	FTNT	downloaded successfully
INFO:root:	BWA	downloaded successfully
INFO:root:	BYD	downloaded successfully
INFO:root:	COG	downloaded successfully
INFO:root:	EZPW	downloaded successfully
INFO:root:	DD	downloaded successfully
INFO:root:	GGP	downloaded successfully
INFO:root:	EOG	downloaded successfully
INFO:root:	AVY	downloaded successfully
INFO:root:	EGN	downloaded successfully
INFO:root:	CVGW	downloaded successfully
INFO:root:	CACI	downloaded successfully
INFO:root:	DUK	downloaded successfully
INFO:root:	BCPC	downloaded successfully
INFO:root:	AAN	downloaded successfully
INFO:root:	ECHO	downloaded successfully
INFO:root:	EQIX	downloaded successfully
INFO:root:	ALOG	downloaded successfully
INFO:root:	FICO	downloaded successfully
INFO:root:	ECPG	downloaded successfully
INFO:root:	DRC	downloaded successfully
INFO:root:	AIN	downloaded successfully
INFO:root:	ERA	downloaded successfully
INFO:root:	GHC	downloaded successfully
INFO:root:	ES	missing history
INFO:root:	CYH	downloaded successfully
INFO:root:	COLB	downloaded successfully
INFO:root:	FISV	downloaded successfully
INFO:root:	GOV	downloaded successfully
INFO:root:	DIOD	downloaded successfully
INFO:root:	FWRD	downloaded successfully
INFO:root:	GDOT	downloaded successfully
INFO:root:	FMBI	downloaded successfully
INFO:root:	CCE	downloaded successfully
INFO:root:	EXC	downloaded successfully
INFO:root:	CMC	downloaded successfully
INFO:root:	ANF	downloaded successfully
INFO:root:	AMED	downloaded successfully
INFO:root:	CBG	downloaded successfully
INFO:root:	CLGX	downloaded successfully
INFO:root:	D	downloaded successfully
INFO:root:	AES	downloaded successfully
INFO:root:	EMC	downloaded successfully
INFO:root:	CBR	downloaded successfully
INFO:root:	FXCM	downloaded successfully
INFO:root:	CVX	downloaded successfully
INFO:root:	EXPE	downloaded successfully
INFO:root:	CNW	downloaded successfully
INFO:root:	DEI	downloaded successfully
INFO:root:	FCX	downloaded successfully
INFO:root:	ETN	downloaded successfully
INFO:root:	DMND	downloaded successfully
INFO:root:	APD	downloaded successfully
INFO:root:	CBT	downloaded successfully
INFO:root:	GPOR	downloaded successfully
INFO:root:	IBKR	downloaded successfully
INFO:root:	EW	downloaded successfully
INFO:root:	AEIS	downloaded successfully
INFO:root:	DWA	downloaded successfully
INFO:root:	EFII	downloaded successfully
INFO:root:	EQR	downloaded successfully
INFO:root:	ATO	downloaded successfully
INFO:root:	CFNL	downloaded successfully
INFO:root:	DRE	downloaded successfully
INFO:root:	CATO	downloaded successfully
INFO:root:	HLX	downloaded successfully
INFO:root:	CHRW	downloaded successfully
INFO:root:	BDX	downloaded successfully
INFO:root:	HELE	downloaded successfully
INFO:root:	GIII	downloaded successfully
INFO:root:	GBCI	downloaded successfully
INFO:root:	HAL	downloaded successfully
INFO:root:	DRQ	downloaded successfully
INFO:root:	FAST	downloaded successfully
INFO:root:	ESV	downloaded successfully
INFO:root:	HOMB	downloaded successfully
INFO:root:	FLIR	downloaded successfully
INFO:root:	EIX	downloaded successfully
INFO:root:	AGYS	downloaded successfully
INFO:root:	FFBC	downloaded successfully
INFO:root:	ESL	downloaded successfully
INFO:root:	ENR	downloaded successfully
INFO:root:	ESND	missing history
INFO:root:	CMTL	downloaded successfully
INFO:root:	DORM	downloaded successfully
INFO:root:	COH	downloaded successfully
INFO:root:	FORR	downloaded successfully
INFO:root:	BLL	downloaded successfully
INFO:root:	HIG	downloaded successfully
INFO:root:	DXPE	downloaded successfully
INFO:root:	DTE	downloaded successfully
INFO:root:	GPRE	downloaded successfully
INFO:root:	CSGS	downloaded successfully
INFO:root:	JW.A	missing history
INFO:root:	HSNI	downloaded successfully
INFO:root:	ANGO	downloaded successfully
INFO:root:	ACAT	downloaded successfully
INFO:root:	FB	downloaded successfully
INFO:root:	FCF	downloaded successfully
INFO:root:	CCI	downloaded successfully
INFO:root:	GHL	downloaded successfully
INFO:root:	FII	downloaded successfully
INFO:root:	FNB	downloaded successfully
INFO:root:	FE	downloaded successfully
INFO:root:	IRC	downloaded successfully
INFO:root:	EGOV	downloaded successfully
INFO:root:	EXH	downloaded successfully
INFO:root:	INN	downloaded successfully
INFO:root:	EPAY	downloaded successfully
INFO:root:	GPC	downloaded successfully
INFO:root:	IPCM	downloaded successfully
INFO:root:	FBHS	downloaded successfully
INFO:root:	GLF	downloaded successfully
INFO:root:	BRO	downloaded successfully
INFO:root:	HA	downloaded successfully
INFO:root:	DNR	downloaded successfully
INFO:root:	BEAV	downloaded successfully
INFO:root:	BID	downloaded successfully
INFO:root:	GES	downloaded successfully
INFO:root:	DV	downloaded successfully
INFO:root:	AWR	downloaded successfully
INFO:root:	IPI	downloaded successfully
INFO:root:	EXPO	downloaded successfully
INFO:root:	FITB	downloaded successfully
INFO:root:	CUZ	downloaded successfully
INFO:root:	HCBK	downloaded successfully
INFO:root:	EAT	downloaded successfully
INFO:root:	HWKN	downloaded successfully
INFO:root:	ICON	downloaded successfully
INFO:root:	HII	downloaded successfully
INFO:root:	GNTX	downloaded successfully
INFO:root:	IRDM	downloaded successfully
INFO:root:	HYH	missing history
INFO:root:	KND	downloaded successfully
INFO:root:	ECL	downloaded successfully
INFO:root:	GILD	downloaded successfully
INFO:root:	EGP	downloaded successfully
INFO:root:	F	downloaded successfully
INFO:root:	GAS	downloaded successfully
INFO:root:	HCP	downloaded successfully
INFO:root:	FRED	downloaded successfully
INFO:root:	HME	downloaded successfully
INFO:root:	HBAN	downloaded successfully
INFO:root:	HNI	downloaded successfully
INFO:root:	HP	downloaded successfully
INFO:root:	GS	downloaded successfully
INFO:root:	HGR	downloaded successfully
INFO:root:	EQT	downloaded successfully
INFO:root:	ASTE	downloaded successfully
INFO:root:	HIW	downloaded successfully
INFO:root:	HSP	downloaded successfully
INFO:root:	DTSI	downloaded successfully
INFO:root:	ENS	downloaded successfully
INFO:root:	EME	downloaded successfully
INFO:root:	JJSF	downloaded successfully
INFO:root:	FFIN	downloaded successfully
INFO:root:	FAF	downloaded successfully
INFO:root:	DSPG	downloaded successfully
INFO:root:	FMC	downloaded successfully
INFO:root:	HRS	downloaded successfully
INFO:root:	HR	downloaded successfully
INFO:root:	IVZ	downloaded successfully
INFO:root:	KNX	downloaded successfully
INFO:root:	EXR	downloaded successfully
INFO:root:	CW	downloaded successfully
INFO:root:	IPXL	downloaded successfully
INFO:root:	FINL	downloaded successfully
INFO:root:	GIFI	downloaded successfully
INFO:root:	IBM	downloaded successfully
INFO:root:	IGTE	downloaded successfully
INFO:root:	EHTH	downloaded successfully
INFO:root:	ESRX	downloaded successfully
INFO:root:	ITRI	downloaded successfully
INFO:root:	GSM	downloaded successfully
INFO:root:	KRC	downloaded successfully
INFO:root:	CMCSA	downloaded successfully
INFO:root:	INT	downloaded successfully
INFO:root:	FRT	downloaded successfully
INFO:root:	KLIC	downloaded successfully
INFO:root:	EXLS	downloaded successfully
INFO:root:	GMCR	downloaded successfully
INFO:root:	GE	downloaded successfully
INFO:root:	HUM	downloaded successfully
INFO:root:	FOSL	downloaded successfully
INFO:root:	JWN	downloaded successfully
INFO:root:	GCI	downloaded successfully
INFO:root:	AMG	downloaded successfully
INFO:root:	KELYA	downloaded successfully
INFO:root:	KLXI	downloaded successfully
INFO:root:	ED	downloaded successfully
INFO:root:	EBAY	downloaded successfully
INFO:root:	KAMN	downloaded successfully
INFO:root:	HZO	downloaded successfully
INFO:root:	EFX	downloaded successfully
INFO:root:	LHO	downloaded successfully
INFO:root:	KFY	downloaded successfully
INFO:root:	GB	downloaded successfully
INFO:root:	FCFS	downloaded successfully
INFO:root:	ECOL	downloaded successfully
INFO:root:	IPG	downloaded successfully
INFO:root:	IO	downloaded successfully
INFO:root:	HON	downloaded successfully
INFO:root:	EPIQ	downloaded successfully
INFO:root:	KRFT	downloaded successfully
INFO:root:	JCOM	downloaded successfully
INFO:root:	FOXA	downloaded successfully
INFO:root:	ESE	downloaded successfully
INFO:root:	HMN	downloaded successfully
INFO:root:	FIX	downloaded successfully
INFO:root:	GVA	downloaded successfully
INFO:root:	LPT	downloaded successfully
INFO:root:	IDTI	downloaded successfully
INFO:root:	AZO	downloaded successfully
INFO:root:	HES	downloaded successfully
INFO:root:	ENSG	downloaded successfully
INFO:root:	ETFC	downloaded successfully
INFO:root:	KMPR	downloaded successfully
INFO:root:	INDB	downloaded successfully
INFO:root:	ETR	downloaded successfully
INFO:root:	HAR	downloaded successfully
INFO:root:	DOV	downloaded successfully
INFO:root:	FRAN	downloaded successfully
INFO:root:	KATE	downloaded successfully
INFO:root:	EWBC	downloaded successfully
INFO:root:	FTR	downloaded successfully
INFO:root:	KOPN	downloaded successfully
INFO:root:	JNPR	downloaded successfully
INFO:root:	LOGM	downloaded successfully
INFO:root:	FEIC	downloaded successfully
INFO:root:	JBL	downloaded successfully
INFO:root:	GPI	downloaded successfully
INFO:root:	IILG	downloaded successfully
INFO:root:	FSS	downloaded successfully
INFO:root:	ISIL	downloaded successfully
INFO:root:	LCI	downloaded successfully
INFO:root:	HST	downloaded successfully
INFO:root:	HBHC	downloaded successfully
INFO:root:	GNW	downloaded successfully
INFO:root:	LLL	downloaded successfully
INFO:root:	DVA	downloaded successfully
INFO:root:	FFIV	downloaded successfully
INFO:root:	FDO	downloaded successfully
INFO:root:	FNFG	downloaded successfully
INFO:root:	EDR	downloaded successfully
INFO:root:	HCSG	downloaded successfully
INFO:root:	HLIT	downloaded successfully
INFO:root:	KRG	downloaded successfully
INFO:root:	GOOG	downloaded successfully
DEBUG:root:	HSTM	failed to download
DEBUG:root:	EXP	failed to download
DEBUG:root:	EV	failed to download
DEBUG:root:	IIVI	failed to download
DEBUG:root:	GFF	failed to download
DEBUG:root:	HF	failed to download
DEBUG:root:	MAR	failed to download
DEBUG:root:	IART	failed to download
DEBUG:root:	HRB	failed to download
DEBUG:root:	LII	failed to download
DEBUG:root:	HHS	failed to download
DEBUG:root:	FSLR	failed to download
DEBUG:root:	KSS	failed to download
DEBUG:root:	FL	failed to download
DEBUG:root:	K	failed to download
DEBUG:root:	LAD	failed to download
DEBUG:root:	FLO	failed to download
DEBUG:root:	FNGN	failed to download
DEBUG:root:	DY	failed to download
DEBUG:root:	FTI	failed to download
DEBUG:root:	LSTR	failed to download
DEBUG:root:	HSC	failed to download
DEBUG:root:	JKHY	failed to download
DEBUG:root:	IDXX	failed to download
DEBUG:root:	LNCE	failed to download
DEBUG:root:	JCP	failed to download
DEBUG:root:	DVN	failed to download
DEBUG:root:	LOW	failed to download
DEBUG:root:	DTV	failed to download
DEBUG:root:	HVT	failed to download
DEBUG:root:	GOOGL	failed to download
DEBUG:root:	GPS	failed to download
DEBUG:root:	JACK	failed to download
DEBUG:root:	MATW	failed to download
DEBUG:root:	IRM	failed to download
DEBUG:root:	LG	failed to download
DEBUG:root:	EL	failed to download
DEBUG:root:	GLT	failed to download
DEBUG:root:	KIM	failed to download
DEBUG:root:	IP	failed to download
DEBUG:root:	ICUI	failed to download
DEBUG:root:	HSY	failed to download
DEBUG:root:	EGHT	failed to download
DEBUG:root:	ITT	failed to download
DEBUG:root:	GCO	failed to download
DEBUG:root:	MCF	failed to download
DEBUG:root:	HD	failed to download
DEBUG:root:	KMB	failed to download
DEBUG:root:	HCC	failed to download
DEBUG:root:	FUL	failed to download
DEBUG:root:	ETH	failed to download
DEBUG:root:	INFA	failed to download
DEBUG:root:	HBI	failed to download
DEBUG:root:	JNS	failed to download
DEBUG:root:	KMT	failed to download
DEBUG:root:	LZB	failed to download
DEBUG:root:	LXP	failed to download
DEBUG:root:	KORS	failed to download
DEBUG:root:	KO	failed to download
DEBUG:root:	HMSY	failed to download
DEBUG:root:	FCS	failed to download
DEBUG:root:	DOW	failed to download
DEBUG:root:	FBP	failed to download
DEBUG:root:	MAC	failed to download
DEBUG:root:	KS	failed to download
DEBUG:root:	FMER	failed to download
DEBUG:root:	EXAM	failed to download
DEBUG:root:	LDL	failed to download
DEBUG:root:	FHN	failed to download
DEBUG:root:	FELE	failed to download
DEBUG:root:	GME	failed to download
DEBUG:root:	INTC	failed to download
DEBUG:root:	ISRG	failed to download
DEBUG:root:	LECO	failed to download
DEBUG:root:	KBH	failed to download
DEBUG:root:	FDS	failed to download
DEBUG:root:	HAS	failed to download
DEBUG:root:	LPX	failed to download
DEBUG:root:	EE	failed to download
DEBUG:root:	HOS	failed to download
DEBUG:root:	LUK	failed to download
DEBUG:root:	GIS	failed to download
DEBUG:root:	LLTC	failed to download
DEBUG:root:	GWR	failed to download
DEBUG:root:	JBLU	failed to download
DEBUG:root:	HPQ	failed to download
DEBUG:root:	FIS	failed to download
DEBUG:root:	IBOC	failed to download
DEBUG:root:	GPN	failed to download
DEBUG:root:	GT	failed to download
DEBUG:root:	GEF	failed to download
DEBUG:root:	EBIX	failed to download
DEBUG:root:	EMN	failed to download
DEBUG:root:	KEX	failed to download
DEBUG:root:	LMNX	failed to download
DEBUG:root:	FARO	failed to download
DEBUG:root:	HNT	failed to download
DEBUG:root:	HAE	failed to download
DEBUG:root:	IR	failed to download
DEBUG:root:	IPGP	failed to download
